Initialized native services in: C:\Users\maria\.gradle\native
Initialized jansi services in: C:\Users\maria\.gradle\native
The client will now receive all logging from the daemon (pid: 16196). The daemon log file: C:\Users\maria\.gradle\daemon\9.5.1\daemon-16196.out.log
Starting 2nd build in daemon [uptime: 3 mins 59.052 secs, performance: 100%, GC rate: 0.00/s, heap usage: 0% of 512 MiB, non-heap usage: 15% of 384 MiB]
Using 16 worker leases.
Operational build model parameters: {cachingModelBuilding=false, configurationCache=false, configurationCacheDisabledReason=null, configurationCacheParallelLoad=false, configurationCacheParallelStore=false, configureOnDemand=false, invalidateCoupledProjects=false, isolatedProjects=false, modelAsProjectDependency=false, modelBuilding=false, parallelModelBuilding=false, parallelProjectConfiguration=false, parallelProjectExecution=false, resilientModelBuilding=false}
Now considering [C:\Users\maria\01programacion\mi_agenda\web] as hierarchies to watch
Watching the file system is configured to be enabled if available
File system watching is active
Starting Build
Settings evaluated using settings file 'C:\Users\maria\01programacion\mi_agenda\web\settings.gradle'.
Projects loaded. Root project using build file 'C:\Users\maria\01programacion\mi_agenda\web\build.gradle'.
Included projects: [root project 'mi_agenda_web']

> Configure project :
Evaluating root project 'mi_agenda_web' using build file 'C:\Users\maria\01programacion\mi_agenda\web\build.gradle'.
Resolved plugin [id: 'java']
Resolved plugin [id: 'org.springframework.boot', version: '4.1.0']
Resolved plugin [id: 'io.spring.dependency-management', version: '1.1.7']
Invalidating in-memory cache of C:\Users\maria\.gradle\caches\journal-1\file-access.bin
Applying dependency management to configuration 'annotationProcessor' in project 'mi_agenda_web'
Applying dependency management to configuration 'apiElements' in project 'mi_agenda_web'
Applying dependency management to configuration 'archives' in project 'mi_agenda_web'
Applying dependency management to configuration 'bootArchives' in project 'mi_agenda_web'
Applying dependency management to configuration 'compileClasspath' in project 'mi_agenda_web'
Applying dependency management to configuration 'compileOnly' in project 'mi_agenda_web'
Applying dependency management to configuration 'default' in project 'mi_agenda_web'
Applying dependency management to configuration 'developmentOnly' in project 'mi_agenda_web'
Applying dependency management to configuration 'implementation' in project 'mi_agenda_web'
Applying dependency management to configuration 'mainSourceElements' in project 'mi_agenda_web'
Applying dependency management to configuration 'productionRuntimeClasspath' in project 'mi_agenda_web'
Applying dependency management to configuration 'runtimeClasspath' in project 'mi_agenda_web'
Applying dependency management to configuration 'runtimeElements' in project 'mi_agenda_web'
Applying dependency management to configuration 'runtimeOnly' in project 'mi_agenda_web'
Applying dependency management to configuration 'testAndDevelopmentOnly' in project 'mi_agenda_web'
Applying dependency management to configuration 'testAnnotationProcessor' in project 'mi_agenda_web'
Applying dependency management to configuration 'testCompileClasspath' in project 'mi_agenda_web'
Applying dependency management to configuration 'testCompileOnly' in project 'mi_agenda_web'
Applying dependency management to configuration 'testImplementation' in project 'mi_agenda_web'
Applying dependency management to configuration 'testResultsElementsForTest' in project 'mi_agenda_web'
Applying dependency management to configuration 'testRuntimeClasspath' in project 'mi_agenda_web'
Applying dependency management to configuration 'testRuntimeOnly' in project 'mi_agenda_web'
All projects evaluated.
Task name matched 'clean'
Task name matched 'build'
Selected primary task 'clean' from project :
Selected primary task 'build' from project :
Resolving global dependency management for project 'mi_agenda_web'
Excluding []
Excluding []
Excluding []
Excluding []
Excluding []
Excluding []
Excluding []
Excluding []
Tasks to be executed: [task ':clean', task ':compileJava', task ':processResources', task ':classes', task ':resolveMainClassName', task ':bootJar', task ':jar', task ':assemble', task ':compileTestJava', task ':processTestResources', task ':testClasses', task ':test', task ':check', task ':build']
Tasks that were excluded: []
Resolve mutations for :clean (Thread[#155,Execution worker,5,main]) started.
:clean (Thread[#156,Execution worker Thread 2,5,main]) started.
destroyer locations for task group 0 (Thread[#162,Execution worker Thread 8,5,main]) started.

> Task :clean
Caching disabled for task ':clean' because:
  Build cache is disabled
Task ':clean' is not up-to-date because:
  Task has not declared any outputs despite executing actions.
Resolve mutations for :compileJava (Thread[#156,Execution worker Thread 2,5,main]) started.
:compileJava (Thread[#156,Execution worker Thread 2,5,main]) started.

> Task :compileJava
Custom actions are attached to task ':compileJava'.
Caching disabled for task ':compileJava' because:
  Build cache is disabled
Task ':compileJava' is not up-to-date because:
  Output property 'destinationDirectory' file C:\Users\maria\01programacion\mi_agenda\web\build\classes\java\main has been removed.
  Output property 'destinationDirectory' file C:\Users\maria\01programacion\mi_agenda\web\build\classes\java\main\com has been removed.
  Output property 'destinationDirectory' file C:\Users\maria\01programacion\mi_agenda\web\build\classes\java\main\com\example has been removed.
  and more...
The input changes require a full rebuild for incremental task ':compileJava'.
Compilation mode: in-process compilation
Full recompilation is required because no incremental change information is available. This is usually caused by clean builds or changing compiler arguments.
Compiling with toolchain 'C:\Program Files\Eclipse Adoptium\jdk-21.0.7.6-hotspot'.
Compiling with JDK Java compiler API.
Class dependency analysis for incremental compilation took 0.027 secs.
Created classpath snapshot for incremental compilation in 0.389 secs.
Resolve mutations for :processResources (Thread[#156,Execution worker Thread 2,5,main]) started.
:processResources (Thread[#156,Execution worker Thread 2,5,main]) started.

> Task :processResources
Caching disabled for task ':processResources' because:
  Build cache is disabled
  Not worth caching
Task ':processResources' is not up-to-date because:
  Output property 'destinationDir' file C:\Users\maria\01programacion\mi_agenda\web\build\resources\main\application.properties has been removed.
  Output property 'destinationDir' file C:\Users\maria\01programacion\mi_agenda\web\build\resources\main\static has been removed.
  Output property 'destinationDir' file C:\Users\maria\01programacion\mi_agenda\web\build\resources\main\static\index.html has been removed.
  and more...
Resolve mutations for :classes (Thread[#156,Execution worker Thread 2,5,main]) started.
:classes (Thread[#156,Execution worker Thread 2,5,main]) started.

> Task :classes
Skipping task ':classes' as it has no actions.
Resolve mutations for :resolveMainClassName (Thread[#156,Execution worker Thread 2,5,main]) started.
:resolveMainClassName (Thread[#156,Execution worker Thread 2,5,main]) started.

> Task :resolveMainClassName
Caching disabled for task ':resolveMainClassName' because:
  Build cache is disabled
  Not worth caching
Task ':resolveMainClassName' is not up-to-date because:
  Output property 'outputFile' file C:\Users\maria\01programacion\mi_agenda\web\build\resolvedMainClassName has been removed.
Resolve mutations for :bootJar (Thread[#156,Execution worker Thread 2,5,main]) started.
:bootJar (Thread[#156,Execution worker Thread 2,5,main]) started.

> Task :bootJar
Excluding []
Caching disabled for task ':bootJar' because:
  Build cache is disabled
  Not worth caching
Task ':bootJar' is not up-to-date because:
  Output property 'archiveFile' file C:\Users\maria\01programacion\mi_agenda\web\build\libs\mi_agenda_web-0.0.1-SNAPSHOT.jar has been removed.
Resolve mutations for :jar (Thread[#156,Execution worker Thread 2,5,main]) started.
:jar (Thread[#156,Execution worker Thread 2,5,main]) started.

> Task :jar
Caching disabled for task ':jar' because:
  Build cache is disabled
  Not worth caching
Task ':jar' is not up-to-date because:
  Output property 'archiveFile' file C:\Users\maria\01programacion\mi_agenda\web\build\libs\mi_agenda_web-0.0.1-SNAPSHOT-plain.jar has been removed.
Resolve mutations for :assemble (Thread[#156,Execution worker Thread 2,5,main]) started.
:assemble (Thread[#156,Execution worker Thread 2,5,main]) started.

> Task :assemble
Skipping task ':assemble' as it has no actions.
Resolve mutations for :compileTestJava (Thread[#156,Execution worker Thread 2,5,main]) started.
:compileTestJava (Thread[#156,Execution worker Thread 2,5,main]) started.

> Task :compileTestJava
Custom actions are attached to task ':compileTestJava'.
Caching disabled for task ':compileTestJava' because:
  Build cache is disabled
Task ':compileTestJava' is not up-to-date because:
  Output property 'destinationDirectory' file C:\Users\maria\01programacion\mi_agenda\web\build\classes\java\test\com has been removed.
  Output property 'destinationDirectory' file C:\Users\maria\01programacion\mi_agenda\web\build\classes\java\test\com\example has been removed.
  Output property 'destinationDirectory' file C:\Users\maria\01programacion\mi_agenda\web\build\classes\java\test\com\example\miagendaweb has been removed.
  and more...
The input changes require a full rebuild for incremental task ':compileTestJava'.
Compilation mode: in-process compilation
Full recompilation is required because no incremental change information is available. This is usually caused by clean builds or changing compiler arguments.
Compiling with toolchain 'C:\Program Files\Eclipse Adoptium\jdk-21.0.7.6-hotspot'.
Compiling with JDK Java compiler API.
Class dependency analysis for incremental compilation took 0.052 secs.
Created classpath snapshot for incremental compilation in 0.071 secs.
Resolve mutations for :processTestResources (Thread[#156,Execution worker Thread 2,5,main]) started.
:processTestResources (Thread[#156,Execution worker Thread 2,5,main]) started.

> Task :processTestResources NO-SOURCE
Skipping task ':processTestResources' as it has no source files and no previous output files.
Resolve mutations for :testClasses (Thread[#156,Execution worker Thread 2,5,main]) started.
:testClasses (Thread[#156,Execution worker Thread 2,5,main]) started.

> Task :testClasses
Skipping task ':testClasses' as it has no actions.
Resolve mutations for :test (Thread[#158,Execution worker Thread 4,5,main]) started.
:test (Thread[#158,Execution worker Thread 4,5,main]) started.
Gradle Test Executor 1 started executing tests.

> Task :test
Caching disabled for task ':test' because:
  Build cache is disabled
Task ':test' is not up-to-date because:
  Output property 'binaryResultsDirectory' file C:\Users\maria\01programacion\mi_agenda\web\build\test-results\test\binary has been removed.
  Output property 'binaryResultsDirectory' file C:\Users\maria\01programacion\mi_agenda\web\build\test-results\test\binary\output-events.bin has been removed.
  Output property 'binaryResultsDirectory' file C:\Users\maria\01programacion\mi_agenda\web\build\test-results\test\binary\results-generic.bin has been removed.
  and more...
Starting process 'Gradle Test Executor 1'. Working directory: C:\Users\maria\01programacion\mi_agenda\web Command: C:\Program Files\Eclipse Adoptium\jdk-21.0.7.6-hotspot\bin\java.exe -Dorg.gradle.internal.worker.tmpdir=C:\Users\maria\01programacion\mi_agenda\web\build\tmp\test\work @C:\Users\maria\.gradle\.tmp\gradle-worker-classpath14432059465032624325txt -Xmx512m -Dfile.encoding=UTF-8 -Duser.country=AR -Duser.language=es -Duser.variant -ea worker.org.gradle.process.internal.worker.GradleWorkerMain 'Gradle Test Executor 1'
Successfully started process 'Gradle Test Executor 1'

MiAgendaWebApplicationTests STANDARD_OUT
    21:36:35.629 [Test worker] INFO org.springframework.test.context.support.AnnotationConfigContextLoaderUtils -- Could not detect default configuration classes for test class [com.example.miagendaweb.MiAgendaWebApplicationTests]: MiAgendaWebApplicationTests does not declare any static, non-private, non-final, nested classes annotated with @Configuration.
    21:36:35.907 [Test worker] INFO org.springframework.boot.test.context.SpringBootTestContextBootstrapper -- Found @SpringBootConfiguration com.example.miagendaweb.MiAgendaWebApplication for test class com.example.miagendaweb.MiAgendaWebApplicationTests
    21:36:36.096 [Test worker] INFO org.springframework.test.context.support.AnnotationConfigContextLoaderUtils -- Could not detect default configuration classes for test class [com.example.miagendaweb.MiAgendaWebApplicationTests]: MiAgendaWebApplicationTests does not declare any static, non-private, non-final, nested classes annotated with @Configuration.
    21:36:36.099 [Test worker] INFO org.springframework.boot.test.context.SpringBootTestContextBootstrapper -- Found @SpringBootConfiguration com.example.miagendaweb.MiAgendaWebApplication for test class com.example.miagendaweb.MiAgendaWebApplicationTests

      .   ____          _            __ _ _
     /\\ / ___'_ __ _ _(_)_ __  __ _ \ \ \ \
    ( ( )\___ | '_ | '_| | '_ \/ _` | \ \ \ \
     \\/  ___)| |_)| | | | | || (_| |  ) ) ) )
      '  |____| .__|_| |_|_| |_\__, | / / / /
     =========|_|==============|___/=/_/_/_/

     :: Spring Boot ::                (v4.1.0)

    2026-07-09T21:36:36.724-03:00  INFO 22740 --- [mi_agenda_web] [    Test worker] c.e.m.MiAgendaWebApplicationTests        : Starting MiAgendaWebApplicationTests using Java 21.0.7 with PID 22740 (started by maria in C:\Users\maria\01programacion\mi_agenda\web)
    2026-07-09T21:36:36.727-03:00  INFO 22740 --- [mi_agenda_web] [    Test worker] c.e.m.MiAgendaWebApplicationTests        : No active profile set, falling back to 1 default profile: "default"
    2026-07-09T21:36:37.737-03:00  INFO 22740 --- [mi_agenda_web] [    Test worker] .s.d.r.c.RepositoryConfigurationDelegate : Bootstrapping Spring Data JPA repositories in DEFAULT mode.
    2026-07-09T21:36:37.837-03:00  INFO 22740 --- [mi_agenda_web] [    Test worker] .s.d.r.c.RepositoryConfigurationDelegate : Finished Spring Data repository scanning in 78 ms. Found 1 JPA repository interface.
    2026-07-09T21:36:38.472-03:00  INFO 22740 --- [mi_agenda_web] [    Test worker] org.hibernate.orm.jpa                    : HHH008540: Processing PersistenceUnitInfo [name: default]
    2026-07-09T21:36:38.585-03:00  INFO 22740 --- [mi_agenda_web] [    Test worker] org.hibernate.orm.core                   : HHH000001: Hibernate ORM core version 7.4.1.Final
    2026-07-09T21:36:39.461-03:00  INFO 22740 --- [mi_agenda_web] [    Test worker] o.s.o.j.p.SpringPersistenceUnitInfo      : No LoadTimeWeaver setup: ignoring JPA class transformer
    2026-07-09T21:36:39.519-03:00  INFO 22740 --- [mi_agenda_web] [    Test worker] com.zaxxer.hikari.HikariDataSource       : HikariPool-1 - Starting...
    2026-07-09T21:36:39.818-03:00  INFO 22740 --- [mi_agenda_web] [    Test worker] com.zaxxer.hikari.pool.HikariPool        : HikariPool-1 - Added connection conn0: url=jdbc:h2:file:./data/agenda-db user=SA
    2026-07-09T21:36:39.821-03:00  INFO 22740 --- [mi_agenda_web] [    Test worker] com.zaxxer.hikari.HikariDataSource       : HikariPool-1 - Start completed.
    2026-07-09T21:36:39.850-03:00  WARN 22740 --- [mi_agenda_web] [    Test worker] org.hibernate.orm.deprecation            : HHH90000025: H2Dialect does not need to be specified explicitly using 'hibernate.dialect' (remove the property setting and it will be selected by default)
    2026-07-09T21:36:39.935-03:00  INFO 22740 --- [mi_agenda_web] [    Test worker] org.hibernate.orm.connections.pooling    : HHH10001005: Database info:
    	Database JDBC URL [jdbc:h2:file:./data/agenda-db]
    	Database driver: H2 JDBC Driver
    	Database dialect: H2Dialect
    	Database version: 2.4.240
    	Default catalog/schema: AGENDA-DB/PUBLIC
    	Autocommit mode: undefined/unknown
    	Isolation level: READ_COMMITTED [default READ_COMMITTED]
    	JDBC fetch size: 100
    	Pool: DataSourceConnectionProvider
    	Minimum pool size: undefined/unknown
    	Maximum pool size: undefined/unknown
    2026-07-09T21:36:41.218-03:00  INFO 22740 --- [mi_agenda_web] [    Test worker] org.hibernate.orm.core                   : HHH000489: No JTA platform available (set 'hibernate.transaction.jta.platform' to enable JTA platform integration)
    2026-07-09T21:36:41.291-03:00  INFO 22740 --- [mi_agenda_web] [    Test worker] j.LocalContainerEntityManagerFactoryBean : Initialized JPA EntityManagerFactory for persistence unit 'default'
    2026-07-09T21:36:41.529-03:00  INFO 22740 --- [mi_agenda_web] [    Test worker] o.s.d.j.r.query.QueryEnhancerFactories   : Hibernate is in classpath; If applicable, HQL parser will be used.
    2026-07-09T21:36:42.370-03:00  WARN 22740 --- [mi_agenda_web] [    Test worker] JpaBaseConfiguration$JpaWebConfiguration : spring.jpa.open-in-view is enabled by default. Therefore, database queries may be performed during view rendering. Explicitly configure spring.jpa.open-in-view to disable this warning
    2026-07-09T21:36:42.431-03:00  INFO 22740 --- [mi_agenda_web] [    Test worker] o.s.b.w.a.WelcomePageHandlerMapping      : Adding welcome page: class path resource [static/index.html]
    2026-07-09T21:36:43.575-03:00  INFO 22740 --- [mi_agenda_web] [    Test worker] c.e.m.MiAgendaWebApplicationTests        : Started MiAgendaWebApplicationTests in 7.324 seconds (process running for 10.371)

MiAgendaWebApplicationTests > contextLoads() STANDARD_ERROR
    Mockito is currently self-attaching to enable the inline-mock-maker. This will no longer work in future releases of the JDK. Please add Mockito as an agent to your build as described in Mockito's documentation: https://javadoc.io/doc/org.mockito/mockito-core/latest/org.mockito/org/mockito/Mockito.html#0.3
OpenJDK 64-Bit Server VM warning: Sharing is only supported for boot loader classes because bootstrap classpath has been appended
    WARNING: A Java agent has been loaded dynamically (C:\Users\maria\.gradle\caches\modules-2\files-2.1\net.bytebuddy\byte-buddy-agent\1.18.10\9426d28828bdcdf42666bb7a68c468279ea78f59\byte-buddy-agent-1.18.10.jar)
    WARNING: If a serviceability tool is in use, please run with -XX:+EnableDynamicAgentLoading to hide this warning
    WARNING: If a serviceability tool is not in use, please run with -Djdk.instrument.traceUsage for more information
    WARNING: Dynamic loading of agents will be disallowed by default in a future release

Gradle Test Executor 1 finished executing tests.
2026-07-09T21:36:44.373-03:00  INFO 22740 --- [mi_agenda_web] [ionShutdownHook] j.LocalContainerEntityManagerFactoryBean : Closing JPA EntityManagerFactory for persistence unit 'default'
2026-07-09T21:36:44.378-03:00  INFO 22740 --- [mi_agenda_web] [ionShutdownHook] com.zaxxer.hikari.HikariDataSource       : HikariPool-1 - Shutdown initiated...
2026-07-09T21:36:44.381-03:00  INFO 22740 --- [mi_agenda_web] [ionShutdownHook] com.zaxxer.hikari.HikariDataSource       : HikariPool-1 - Shutdown completed.

> Task :test
Generating HTML test report...
Finished generating test html results (0.072 secs) into: C:\Users\maria\01programacion\mi_agenda\web\build\reports\tests\test
Finished generating test XML results (0.027 secs) into: C:\Users\maria\01programacion\mi_agenda\web\build\test-results\test
Resolve mutations for :check (Thread[#169,Execution worker Thread 14,5,main]) started.
:check (Thread[#169,Execution worker Thread 14,5,main]) started.

> Task :check
Skipping task ':check' as it has no actions.
Resolve mutations for :build (Thread[#169,Execution worker Thread 14,5,main]) started.
:build (Thread[#159,Execution worker Thread 5,5,main]) started.

> Task :build
Skipping task ':build' as it has no actions.

BUILD SUCCESSFUL in 21s
8 actionable tasks: 8 executed
Watched directory hierarchies: [C:\Users\maria\01programacion\mi_agenda\web]
Consider enabling configuration cache to speed up this build: https://docs.gradle.org/9.5.1/userguide/configuration_cache_enabling.html
